<?xml version="1.0" encoding="UTF-8"?>
<!-- Generated by org.testng.reporters.JUnitXMLReporter -->
<testsuite hostname="bimanb01-mac" ignored="0" name="Default test" tests="4" failures="0" timestamp="05 Mar 2020 07:40:11 GMT" time="27.252" errors="0">
  <testcase name="compareButtonDisplayTest" time="11.152" classname="com.guruEcommerce.qa.testcases.mobilePageTest"/>
  <testcase name="validateCostReading" time="0.135" classname="com.guruEcommerce.qa.testcases.mobilePageTest"/>
  <testcase name="validateMobilePageTitleTest" time="0.011" classname="com.guruEcommerce.qa.testcases.mobilePageTest"/>
  <testcase name="validateSortItems" time="0.992" classname="com.guruEcommerce.qa.testcases.mobilePageTest"/>
</testsuite> <!-- Default test -->
