<?xml version="1.0" encoding="UTF-8"?>
<testng-results skipped="0" failed="1" ignored="0" total="17" passed="16">
  <reporter-output>
  </reporter-output>
  <suite name="Guru Ecommerce Application Test Automation Suite" duration-ms="110110" started-at="2020-03-05T23:41:35Z" finished-at="2020-03-05T23:43:25Z">
    <groups>
    </groups>
    <test name="Functional" duration-ms="110110" started-at="2020-03-05T23:41:35Z" finished-at="2020-03-05T23:43:25Z">
      <class name="com.guruEcommerce.qa.testcases.cartPageTest">
        <test-method status="PASS" signature="setUp()[pri:0, instance:com.guruEcommerce.qa.testcases.cartPageTest@56ef9176]" name="setUp" is-config="true" duration-ms="4478" started-at="2020-03-05T23:42:25Z" finished-at="2020-03-05T23:42:30Z">
          <reporter-output>
          </reporter-output>
        </test-method> <!-- setUp -->
        <test-method status="PASS" signature="cartPageTitleTest()[pri:0, instance:com.guruEcommerce.qa.testcases.cartPageTest@56ef9176]" name="cartPageTitleTest" duration-ms="6" started-at="2020-03-05T23:42:30Z" finished-at="2020-03-05T23:42:30Z">
          <reporter-output>
          </reporter-output>
        </test-method> <!-- cartPageTitleTest -->
        <test-method status="PASS" signature="tearDown()[pri:0, instance:com.guruEcommerce.qa.testcases.cartPageTest@56ef9176]" name="tearDown" is-config="true" duration-ms="93" started-at="2020-03-05T23:42:30Z" finished-at="2020-03-05T23:42:30Z">
          <reporter-output>
          </reporter-output>
        </test-method> <!-- tearDown -->
        <test-method status="PASS" signature="setUp()[pri:0, instance:com.guruEcommerce.qa.testcases.cartPageTest@56ef9176]" name="setUp" is-config="true" duration-ms="4683" started-at="2020-03-05T23:42:30Z" finished-at="2020-03-05T23:42:34Z">
          <reporter-output>
          </reporter-output>
        </test-method> <!-- setUp -->
        <test-method status="PASS" signature="clickingEmptyCartTest()[pri:0, instance:com.guruEcommerce.qa.testcases.cartPageTest@56ef9176]" name="clickingEmptyCartTest" duration-ms="1348" started-at="2020-03-05T23:42:34Z" finished-at="2020-03-05T23:42:36Z">
          <reporter-output>
          </reporter-output>
        </test-method> <!-- clickingEmptyCartTest -->
        <test-method status="PASS" signature="tearDown()[pri:0, instance:com.guruEcommerce.qa.testcases.cartPageTest@56ef9176]" name="tearDown" is-config="true" duration-ms="89" started-at="2020-03-05T23:42:36Z" finished-at="2020-03-05T23:42:36Z">
          <reporter-output>
          </reporter-output>
        </test-method> <!-- tearDown -->
        <test-method status="PASS" signature="setUp()[pri:0, instance:com.guruEcommerce.qa.testcases.cartPageTest@56ef9176]" name="setUp" is-config="true" duration-ms="4786" started-at="2020-03-05T23:42:36Z" finished-at="2020-03-05T23:42:41Z">
          <reporter-output>
          </reporter-output>
        </test-method> <!-- setUp -->
        <test-method status="PASS" signature="isVisisbleUpdateButtonTest()[pri:0, instance:com.guruEcommerce.qa.testcases.cartPageTest@56ef9176]" name="isVisisbleUpdateButtonTest" duration-ms="49" started-at="2020-03-05T23:42:41Z" finished-at="2020-03-05T23:42:41Z">
          <reporter-output>
          </reporter-output>
        </test-method> <!-- isVisisbleUpdateButtonTest -->
        <test-method status="PASS" signature="tearDown()[pri:0, instance:com.guruEcommerce.qa.testcases.cartPageTest@56ef9176]" name="tearDown" is-config="true" duration-ms="112" started-at="2020-03-05T23:42:41Z" finished-at="2020-03-05T23:42:41Z">
          <reporter-output>
          </reporter-output>
        </test-method> <!-- tearDown -->
        <test-method status="PASS" signature="setUp()[pri:0, instance:com.guruEcommerce.qa.testcases.cartPageTest@56ef9176]" name="setUp" is-config="true" duration-ms="4541" started-at="2020-03-05T23:42:41Z" finished-at="2020-03-05T23:42:45Z">
          <reporter-output>
          </reporter-output>
        </test-method> <!-- setUp -->
        <test-method status="PASS" signature="updateButtonVisibilityPostQuantityChange()[pri:0, instance:com.guruEcommerce.qa.testcases.cartPageTest@56ef9176]" name="updateButtonVisibilityPostQuantityChange" duration-ms="182" started-at="2020-03-05T23:42:45Z" finished-at="2020-03-05T23:42:46Z">
          <reporter-output>
          </reporter-output>
        </test-method> <!-- updateButtonVisibilityPostQuantityChange -->
        <test-method status="PASS" signature="tearDown()[pri:0, instance:com.guruEcommerce.qa.testcases.cartPageTest@56ef9176]" name="tearDown" is-config="true" duration-ms="145" started-at="2020-03-05T23:42:46Z" finished-at="2020-03-05T23:42:46Z">
          <reporter-output>
          </reporter-output>
        </test-method> <!-- tearDown -->
        <test-method status="PASS" signature="setUp()[pri:0, instance:com.guruEcommerce.qa.testcases.cartPageTest@56ef9176]" name="setUp" is-config="true" duration-ms="4460" started-at="2020-03-05T23:42:46Z" finished-at="2020-03-05T23:42:50Z">
          <reporter-output>
          </reporter-output>
        </test-method> <!-- setUp -->
        <test-method status="FAIL" signature="verifyDisplayErrorMessage()[pri:0, instance:com.guruEcommerce.qa.testcases.cartPageTest@56ef9176]" name="verifyDisplayErrorMessage" duration-ms="805" started-at="2020-03-05T23:42:50Z" finished-at="2020-03-05T23:42:51Z">
          <exception class="java.lang.AssertionError">
            <message>
              <![CDATA[expected:<* The maximum quantity allowed for purchase is 500.> but was:<The requested quantity for Sony Xperia is not available>]]>
            </message>
            <full-stacktrace>
              <![CDATA[java.lang.AssertionError: expected:<* The maximum quantity allowed for purchase is 500.> but was:<The requested quantity for Sony Xperia is not available>
at org.testng.AssertJUnit.assertEquals(AssertJUnit.java:101)
at org.testng.AssertJUnit.assertEquals(AssertJUnit.java:108)
at com.guruEcommerce.qa.testcases.cartPageTest.verifyDisplayErrorMessage(cartPageTest.java:59)
at sun.reflect.NativeMethodAccessorImpl.invoke0(Native Method)
at sun.reflect.NativeMethodAccessorImpl.invoke(NativeMethodAccessorImpl.java:62)
at sun.reflect.DelegatingMethodAccessorImpl.invoke(DelegatingMethodAccessorImpl.java:43)
at java.lang.reflect.Method.invoke(Method.java:498)
at org.testng.internal.MethodInvocationHelper.invokeMethod(MethodInvocationHelper.java:124)
at org.testng.internal.Invoker.invokeMethod(Invoker.java:580)
at org.testng.internal.Invoker.invokeTestMethod(Invoker.java:716)
at org.testng.internal.Invoker.invokeTestMethods(Invoker.java:988)
at org.testng.internal.TestMethodWorker.invokeTestMethods(TestMethodWorker.java:125)
at org.testng.internal.TestMethodWorker.run(TestMethodWorker.java:109)
at org.testng.TestRunner.privateRun(TestRunner.java:648)
at org.testng.TestRunner.run(TestRunner.java:505)
at org.testng.SuiteRunner.runTest(SuiteRunner.java:455)
at org.testng.SuiteRunner.runSequentially(SuiteRunner.java:450)
at org.testng.SuiteRunner.privateRun(SuiteRunner.java:415)
at org.testng.SuiteRunner.run(SuiteRunner.java:364)
at org.testng.SuiteRunnerWorker.runSuite(SuiteRunnerWorker.java:52)
at org.testng.SuiteRunnerWorker.run(SuiteRunnerWorker.java:84)
at org.testng.TestNG.runSuitesSequentially(TestNG.java:1208)
at org.testng.TestNG.runSuitesLocally(TestNG.java:1137)
at org.testng.TestNG.runSuites(TestNG.java:1049)
at org.testng.TestNG.run(TestNG.java:1017)
at org.testng.remote.AbstractRemoteTestNG.run(AbstractRemoteTestNG.java:114)
at org.testng.remote.RemoteTestNG.initAndRun(RemoteTestNG.java:251)
at org.testng.remote.RemoteTestNG.main(RemoteTestNG.java:77)
]]>
            </full-stacktrace>
          </exception> <!-- java.lang.AssertionError -->
          <reporter-output>
          </reporter-output>
        </test-method> <!-- verifyDisplayErrorMessage -->
        <test-method status="PASS" signature="tearDown()[pri:0, instance:com.guruEcommerce.qa.testcases.cartPageTest@56ef9176]" name="tearDown" is-config="true" duration-ms="83" started-at="2020-03-05T23:42:51Z" finished-at="2020-03-05T23:42:51Z">
          <reporter-output>
          </reporter-output>
        </test-method> <!-- tearDown -->
      </class> <!-- com.guruEcommerce.qa.testcases.cartPageTest -->
      <class name="com.guruEcommerce.qa.testcases.homePageTest">
        <test-method status="PASS" signature="setUp()[pri:0, instance:com.guruEcommerce.qa.testcases.homePageTest@5cb9f472]" name="setUp" is-config="true" duration-ms="4561" started-at="2020-03-05T23:41:35Z" finished-at="2020-03-05T23:41:40Z">
          <reporter-output>
          </reporter-output>
        </test-method> <!-- setUp -->
        <test-method status="PASS" signature="validateHomePageTitle()[pri:0, instance:com.guruEcommerce.qa.testcases.homePageTest@5cb9f472]" name="validateHomePageTitle" duration-ms="12" started-at="2020-03-05T23:41:40Z" finished-at="2020-03-05T23:41:40Z">
          <reporter-output>
          </reporter-output>
        </test-method> <!-- validateHomePageTitle -->
        <test-method status="PASS" signature="tearDown()[pri:0, instance:com.guruEcommerce.qa.testcases.homePageTest@5cb9f472]" name="tearDown" is-config="true" duration-ms="83" started-at="2020-03-05T23:41:40Z" finished-at="2020-03-05T23:41:40Z">
          <reporter-output>
          </reporter-output>
        </test-method> <!-- tearDown -->
      </class> <!-- com.guruEcommerce.qa.testcases.homePageTest -->
      <class name="com.guruEcommerce.qa.testcases.mobilePageTest">
        <test-method status="PASS" signature="setUp()[pri:0, instance:com.guruEcommerce.qa.testcases.mobilePageTest@cb644e]" name="setUp" is-config="true" duration-ms="3568" started-at="2020-03-05T23:41:40Z" finished-at="2020-03-05T23:41:43Z">
          <reporter-output>
          </reporter-output>
        </test-method> <!-- setUp -->
        <test-method status="PASS" signature="compareButtonDisplayTest()[pri:0, instance:com.guruEcommerce.qa.testcases.mobilePageTest@cb644e]" name="compareButtonDisplayTest" duration-ms="11248" started-at="2020-03-05T23:41:43Z" finished-at="2020-03-05T23:41:55Z">
          <reporter-output>
          </reporter-output>
        </test-method> <!-- compareButtonDisplayTest -->
        <test-method status="PASS" signature="tearDown()[pri:0, instance:com.guruEcommerce.qa.testcases.mobilePageTest@cb644e]" name="tearDown" is-config="true" duration-ms="93" started-at="2020-03-05T23:41:55Z" finished-at="2020-03-05T23:41:55Z">
          <reporter-output>
          </reporter-output>
        </test-method> <!-- tearDown -->
        <test-method status="PASS" signature="setUp()[pri:0, instance:com.guruEcommerce.qa.testcases.mobilePageTest@cb644e]" name="setUp" is-config="true" duration-ms="3569" started-at="2020-03-05T23:41:55Z" finished-at="2020-03-05T23:41:58Z">
          <reporter-output>
          </reporter-output>
        </test-method> <!-- setUp -->
        <test-method status="PASS" signature="validateCostReading()[pri:0, instance:com.guruEcommerce.qa.testcases.mobilePageTest@cb644e]" name="validateCostReading" duration-ms="245" started-at="2020-03-05T23:41:58Z" finished-at="2020-03-05T23:41:59Z">
          <reporter-output>
          </reporter-output>
        </test-method> <!-- validateCostReading -->
        <test-method status="PASS" signature="tearDown()[pri:0, instance:com.guruEcommerce.qa.testcases.mobilePageTest@cb644e]" name="tearDown" is-config="true" duration-ms="103" started-at="2020-03-05T23:41:59Z" finished-at="2020-03-05T23:41:59Z">
          <reporter-output>
          </reporter-output>
        </test-method> <!-- tearDown -->
        <test-method status="PASS" signature="setUp()[pri:0, instance:com.guruEcommerce.qa.testcases.mobilePageTest@cb644e]" name="setUp" is-config="true" duration-ms="3947" started-at="2020-03-05T23:41:59Z" finished-at="2020-03-05T23:42:03Z">
          <reporter-output>
          </reporter-output>
        </test-method> <!-- setUp -->
        <test-method status="PASS" signature="validateMobilePageTitleTest()[pri:0, instance:com.guruEcommerce.qa.testcases.mobilePageTest@cb644e]" name="validateMobilePageTitleTest" duration-ms="7" started-at="2020-03-05T23:42:03Z" finished-at="2020-03-05T23:42:03Z">
          <reporter-output>
          </reporter-output>
        </test-method> <!-- validateMobilePageTitleTest -->
        <test-method status="PASS" signature="tearDown()[pri:0, instance:com.guruEcommerce.qa.testcases.mobilePageTest@cb644e]" name="tearDown" is-config="true" duration-ms="88" started-at="2020-03-05T23:42:03Z" finished-at="2020-03-05T23:42:03Z">
          <reporter-output>
          </reporter-output>
        </test-method> <!-- tearDown -->
        <test-method status="PASS" signature="setUp()[pri:0, instance:com.guruEcommerce.qa.testcases.mobilePageTest@cb644e]" name="setUp" is-config="true" duration-ms="3910" started-at="2020-03-05T23:42:03Z" finished-at="2020-03-05T23:42:07Z">
          <reporter-output>
          </reporter-output>
        </test-method> <!-- setUp -->
        <test-method status="PASS" signature="validateSortItems()[pri:0, instance:com.guruEcommerce.qa.testcases.mobilePageTest@cb644e]" name="validateSortItems" duration-ms="829" started-at="2020-03-05T23:42:07Z" finished-at="2020-03-05T23:42:07Z">
          <reporter-output>
          </reporter-output>
        </test-method> <!-- validateSortItems -->
        <test-method status="PASS" signature="tearDown()[pri:0, instance:com.guruEcommerce.qa.testcases.mobilePageTest@cb644e]" name="tearDown" is-config="true" duration-ms="83" started-at="2020-03-05T23:42:07Z" finished-at="2020-03-05T23:42:08Z">
          <reporter-output>
          </reporter-output>
        </test-method> <!-- tearDown -->
      </class> <!-- com.guruEcommerce.qa.testcases.mobilePageTest -->
      <class name="com.guruEcommerce.qa.testcases.compareProductPageTest">
        <test-method status="PASS" signature="setUp()[pri:0, instance:com.guruEcommerce.qa.testcases.compareProductPageTest@4566e5bd]" name="setUp" is-config="true" duration-ms="5269" started-at="2020-03-05T23:42:51Z" finished-at="2020-03-05T23:42:56Z">
          <reporter-output>
          </reporter-output>
        </test-method> <!-- setUp -->
        <test-method status="PASS" signature="closingCompareProductPageTest()[pri:0, instance:com.guruEcommerce.qa.testcases.compareProductPageTest@4566e5bd]" name="closingCompareProductPageTest" duration-ms="737" started-at="2020-03-05T23:42:56Z" finished-at="2020-03-05T23:42:57Z">
          <reporter-output>
          </reporter-output>
        </test-method> <!-- closingCompareProductPageTest -->
        <test-method status="PASS" signature="tearDown()[pri:0, instance:com.guruEcommerce.qa.testcases.compareProductPageTest@4566e5bd]" name="tearDown" is-config="true" duration-ms="91" started-at="2020-03-05T23:42:57Z" finished-at="2020-03-05T23:42:57Z">
          <reporter-output>
          </reporter-output>
        </test-method> <!-- tearDown -->
        <test-method status="PASS" signature="setUp()[pri:0, instance:com.guruEcommerce.qa.testcases.compareProductPageTest@4566e5bd]" name="setUp" is-config="true" duration-ms="5341" started-at="2020-03-05T23:42:57Z" finished-at="2020-03-05T23:43:03Z">
          <reporter-output>
          </reporter-output>
        </test-method> <!-- setUp -->
        <test-method status="PASS" signature="comparingProductsPageTitleTest()[pri:0, instance:com.guruEcommerce.qa.testcases.compareProductPageTest@4566e5bd]" name="comparingProductsPageTitleTest" duration-ms="667" started-at="2020-03-05T23:43:03Z" finished-at="2020-03-05T23:43:03Z">
          <reporter-output>
          </reporter-output>
        </test-method> <!-- comparingProductsPageTitleTest -->
        <test-method status="PASS" signature="tearDown()[pri:0, instance:com.guruEcommerce.qa.testcases.compareProductPageTest@4566e5bd]" name="tearDown" is-config="true" duration-ms="86" started-at="2020-03-05T23:43:03Z" finished-at="2020-03-05T23:43:03Z">
          <reporter-output>
          </reporter-output>
        </test-method> <!-- tearDown -->
        <test-method status="PASS" signature="setUp()[pri:0, instance:com.guruEcommerce.qa.testcases.compareProductPageTest@4566e5bd]" name="setUp" is-config="true" duration-ms="5312" started-at="2020-03-05T23:43:03Z" finished-at="2020-03-05T23:43:09Z">
          <reporter-output>
          </reporter-output>
        </test-method> <!-- setUp -->
        <test-method status="PASS" signature="productComparePageHeaderTest()[pri:0, instance:com.guruEcommerce.qa.testcases.compareProductPageTest@4566e5bd]" name="productComparePageHeaderTest" duration-ms="641" started-at="2020-03-05T23:43:09Z" finished-at="2020-03-05T23:43:09Z">
          <reporter-output>
          </reporter-output>
        </test-method> <!-- productComparePageHeaderTest -->
        <test-method status="PASS" signature="tearDown()[pri:0, instance:com.guruEcommerce.qa.testcases.compareProductPageTest@4566e5bd]" name="tearDown" is-config="true" duration-ms="137" started-at="2020-03-05T23:43:09Z" finished-at="2020-03-05T23:43:09Z">
          <reporter-output>
          </reporter-output>
        </test-method> <!-- tearDown -->
        <test-method status="PASS" signature="setUp()[pri:0, instance:com.guruEcommerce.qa.testcases.compareProductPageTest@4566e5bd]" name="setUp" is-config="true" duration-ms="5119" started-at="2020-03-05T23:43:09Z" finished-at="2020-03-05T23:43:14Z">
          <reporter-output>
          </reporter-output>
        </test-method> <!-- setUp -->
        <test-method status="PASS" signature="verifyingDisplayedProducts()[pri:0, instance:com.guruEcommerce.qa.testcases.compareProductPageTest@4566e5bd]" name="verifyingDisplayedProducts" duration-ms="10700" started-at="2020-03-05T23:43:14Z" finished-at="2020-03-05T23:43:25Z">
          <reporter-output>
          </reporter-output>
        </test-method> <!-- verifyingDisplayedProducts -->
        <test-method status="PASS" signature="tearDown()[pri:0, instance:com.guruEcommerce.qa.testcases.compareProductPageTest@4566e5bd]" name="tearDown" is-config="true" duration-ms="90" started-at="2020-03-05T23:43:25Z" finished-at="2020-03-05T23:43:25Z">
          <reporter-output>
          </reporter-output>
        </test-method> <!-- tearDown -->
      </class> <!-- com.guruEcommerce.qa.testcases.compareProductPageTest -->
      <class name="com.guruEcommerce.qa.testcases.xperiaDetailPageTest">
        <test-method status="PASS" signature="setUp()[pri:0, instance:com.guruEcommerce.qa.testcases.xperiaDetailPageTest@13805618]" name="setUp" is-config="true" duration-ms="5623" started-at="2020-03-05T23:42:08Z" finished-at="2020-03-05T23:42:13Z">
          <reporter-output>
          </reporter-output>
        </test-method> <!-- setUp -->
        <test-method status="PASS" signature="validateShowPrice()[pri:0, instance:com.guruEcommerce.qa.testcases.xperiaDetailPageTest@13805618]" name="validateShowPrice" duration-ms="54" started-at="2020-03-05T23:42:13Z" finished-at="2020-03-05T23:42:13Z">
          <reporter-output>
          </reporter-output>
        </test-method> <!-- validateShowPrice -->
        <test-method status="PASS" signature="tearDown()[pri:0, instance:com.guruEcommerce.qa.testcases.xperiaDetailPageTest@13805618]" name="tearDown" is-config="true" duration-ms="86" started-at="2020-03-05T23:42:13Z" finished-at="2020-03-05T23:42:13Z">
          <reporter-output>
          </reporter-output>
        </test-method> <!-- tearDown -->
        <test-method status="PASS" signature="setUp()[pri:0, instance:com.guruEcommerce.qa.testcases.xperiaDetailPageTest@13805618]" name="setUp" is-config="true" duration-ms="5865" started-at="2020-03-05T23:42:13Z" finished-at="2020-03-05T23:42:19Z">
          <reporter-output>
          </reporter-output>
        </test-method> <!-- setUp -->
        <test-method status="PASS" signature="validateXperiaDetailPageTitleTest()[pri:0, instance:com.guruEcommerce.qa.testcases.xperiaDetailPageTest@13805618]" name="validateXperiaDetailPageTitleTest" duration-ms="5" started-at="2020-03-05T23:42:19Z" finished-at="2020-03-05T23:42:19Z">
          <reporter-output>
          </reporter-output>
        </test-method> <!-- validateXperiaDetailPageTitleTest -->
        <test-method status="PASS" signature="tearDown()[pri:0, instance:com.guruEcommerce.qa.testcases.xperiaDetailPageTest@13805618]" name="tearDown" is-config="true" duration-ms="141" started-at="2020-03-05T23:42:19Z" finished-at="2020-03-05T23:42:19Z">
          <reporter-output>
          </reporter-output>
        </test-method> <!-- tearDown -->
        <test-method status="PASS" signature="setUp()[pri:0, instance:com.guruEcommerce.qa.testcases.xperiaDetailPageTest@13805618]" name="setUp" is-config="true" duration-ms="5759" started-at="2020-03-05T23:42:19Z" finished-at="2020-03-05T23:42:25Z">
          <reporter-output>
          </reporter-output>
        </test-method> <!-- setUp -->
        <test-method status="PASS" signature="validateXperiaProductName()[pri:0, instance:com.guruEcommerce.qa.testcases.xperiaDetailPageTest@13805618]" name="validateXperiaProductName" duration-ms="51" started-at="2020-03-05T23:42:25Z" finished-at="2020-03-05T23:42:25Z">
          <reporter-output>
          </reporter-output>
        </test-method> <!-- validateXperiaProductName -->
        <test-method status="PASS" signature="tearDown()[pri:0, instance:com.guruEcommerce.qa.testcases.xperiaDetailPageTest@13805618]" name="tearDown" is-config="true" duration-ms="84" started-at="2020-03-05T23:42:25Z" finished-at="2020-03-05T23:42:25Z">
          <reporter-output>
          </reporter-output>
        </test-method> <!-- tearDown -->
      </class> <!-- com.guruEcommerce.qa.testcases.xperiaDetailPageTest -->
    </test> <!-- Functional -->
  </suite> <!-- Guru Ecommerce Application Test Automation Suite -->
</testng-results>
