<?xml version="1.0" encoding="UTF-8"?>
<!-- Generated by org.testng.reporters.JUnitXMLReporter -->
<testsuite hostname="bimanb01-mac" ignored="0" name="Functional" tests="17" failures="1" timestamp="05 Mar 2020 23:43:25 GMT" time="110.11" errors="0">
  <testcase name="validateHomePageTitle" time="0.012" classname="com.guruEcommerce.qa.testcases.homePageTest"/>
  <testcase name="compareButtonDisplayTest" time="11.248" classname="com.guruEcommerce.qa.testcases.mobilePageTest"/>
  <testcase name="validateCostReading" time="0.245" classname="com.guruEcommerce.qa.testcases.mobilePageTest"/>
  <testcase name="validateMobilePageTitleTest" time="0.007" classname="com.guruEcommerce.qa.testcases.mobilePageTest"/>
  <testcase name="validateSortItems" time="0.829" classname="com.guruEcommerce.qa.testcases.mobilePageTest"/>
  <testcase name="validateShowPrice" time="0.054" classname="com.guruEcommerce.qa.testcases.xperiaDetailPageTest"/>
  <testcase name="validateXperiaDetailPageTitleTest" time="0.005" classname="com.guruEcommerce.qa.testcases.xperiaDetailPageTest"/>
  <testcase name="validateXperiaProductName" time="0.051" classname="com.guruEcommerce.qa.testcases.xperiaDetailPageTest"/>
  <testcase name="cartPageTitleTest" time="0.006" classname="com.guruEcommerce.qa.testcases.cartPageTest"/>
  <testcase name="clickingEmptyCartTest" time="1.348" classname="com.guruEcommerce.qa.testcases.cartPageTest"/>
  <testcase name="isVisisbleUpdateButtonTest" time="0.049" classname="com.guruEcommerce.qa.testcases.cartPageTest"/>
  <testcase name="updateButtonVisibilityPostQuantityChange" time="0.182" classname="com.guruEcommerce.qa.testcases.cartPageTest"/>
  <testcase name="verifyDisplayErrorMessage" time="0.805" classname="com.guruEcommerce.qa.testcases.cartPageTest">
    <failure type="java.lang.AssertionError" message="expected:&amp;lt;* The maximum quantity allowed for purchase is 500.&amp;gt; but was:&amp;lt;The requested quantity for Sony Xperia is not available&amp;gt;">
      <![CDATA[java.lang.AssertionError: expected:<* The maximum quantity allowed for purchase is 500.> but was:<The requested quantity for Sony Xperia is not available>
at com.guruEcommerce.qa.testcases.cartPageTest.verifyDisplayErrorMessage(cartPageTest.java:59)
... Removed 27 stack frames]]>
    </failure>
  </testcase> <!-- verifyDisplayErrorMessage -->
  <testcase name="closingCompareProductPageTest" time="0.737" classname="com.guruEcommerce.qa.testcases.compareProductPageTest"/>
  <testcase name="comparingProductsPageTitleTest" time="0.667" classname="com.guruEcommerce.qa.testcases.compareProductPageTest"/>
  <testcase name="productComparePageHeaderTest" time="0.641" classname="com.guruEcommerce.qa.testcases.compareProductPageTest"/>
  <testcase name="verifyingDisplayedProducts" time="10.7" classname="com.guruEcommerce.qa.testcases.compareProductPageTest"/>
</testsuite> <!-- Functional -->
